01:43:26.170 [main] INFO  api.test.UserTests - Create a user
01:43:28.040 [main] INFO  api.test.UserTests - user is created
01:43:28.050 [main] INFO  api.test.UserTests - Get a user
01:43:28.968 [main] INFO  api.test.UserTests - user is got
01:43:28.971 [main] INFO  api.test.UserTests - update a user
01:43:29.808 [main] INFO  api.test.UserTests - user is updated
01:43:30.667 [main] INFO  api.test.UserTests - Delete a user
01:43:31.728 [main] INFO  api.test.UserTests - user is deleted
01:45:06.628 [main] INFO  api.test.UserTests - Create a user
01:45:08.443 [main] INFO  api.test.UserTests - user is created
01:45:08.454 [main] INFO  api.test.UserTests - Get a user
01:45:09.169 [main] INFO  api.test.UserTests - user is got
01:45:09.172 [main] INFO  api.test.UserTests - update a user
01:45:09.890 [main] INFO  api.test.UserTests - user is updated
01:45:10.623 [main] INFO  api.test.UserTests - Delete a user
01:45:11.338 [main] INFO  api.test.UserTests - user is deleted
01:46:16.496 [main] INFO  api.test.UserTests - Create a user
01:46:22.987 [main] INFO  api.test.UserTests - user is created
01:46:22.996 [main] INFO  api.test.UserTests - Get a user
01:46:23.882 [main] INFO  api.test.UserTests - user is got
01:46:23.885 [main] INFO  api.test.UserTests - update a user
01:46:25.195 [main] INFO  api.test.UserTests - user is updated
01:46:29.986 [main] INFO  api.test.UserTests - Delete a user
01:46:34.247 [main] INFO  api.test.UserTests - user is deleted
